<?xml version="1.0" encoding="UTF-8"?>
<!-- Generated by org.testng.reporters.JUnitReportReporter -->
<testsuite skipped="0" hostname="LAPTOP-3NPM5AHR" name="com.Nirvana.Login.LoginIndex" tests="2" failures="0" timestamp="06 Apr 2022 11:10:52 GMT" time="10.170" errors="0">
  <testcase name="logout" time="5.077" classname="com.Nirvana.Login.LoginIndex"/>
  <testcase name="login" time="5.093" classname="com.Nirvana.Login.LoginIndex"/>
</testsuite> <!-- com.Nirvana.Login.LoginIndex -->
